timestamp: 2011-09-30T15:38:39.639685
CREATE TABLE auth_user(
    id INTEGER PRIMARY KEY AUTOINCREMENT,
    first_name CHAR(128),
    last_name CHAR(128),
    email CHAR(512),
    password CHAR(512),
    registration_key CHAR(512),
    reset_password_key CHAR(512)
);
success!
timestamp: 2011-09-30T15:38:39.758843
CREATE TABLE auth_group(
    id INTEGER PRIMARY KEY AUTOINCREMENT,
    role CHAR(512),
    description TEXT
);
success!
timestamp: 2011-09-30T15:38:39.808588
CREATE TABLE auth_membership(
    id INTEGER PRIMARY KEY AUTOINCREMENT,
    user_id INTEGER REFERENCES auth_user(id) ON DELETE CASCADE,
    group_id INTEGER REFERENCES auth_group(id) ON DELETE CASCADE
);
success!
timestamp: 2011-09-30T15:38:39.877149
CREATE TABLE auth_permission(
    id INTEGER PRIMARY KEY AUTOINCREMENT,
    group_id INTEGER REFERENCES auth_group(id) ON DELETE CASCADE,
    name CHAR(512),
    table_name CHAR(512),
    record_id INTEGER
);
success!
timestamp: 2011-09-30T15:38:39.926948
CREATE TABLE auth_event(
    id INTEGER PRIMARY KEY AUTOINCREMENT,
    time_stamp TIMESTAMP,
    client_ip CHAR(512),
    user_id INTEGER REFERENCES auth_user(id) ON DELETE CASCADE,
    origin CHAR(512),
    description TEXT
);
success!
timestamp: 2011-09-30T15:38:40.002643
CREATE TABLE auth_cas(
    id INTEGER PRIMARY KEY AUTOINCREMENT,
    user_id INTEGER REFERENCES auth_user(id) ON DELETE CASCADE,
    created_on TIMESTAMP,
    url CHAR(512),
    uuid CHAR(512)
);
success!
timestamp: 2011-09-30T15:38:40.069105
CREATE TABLE tags(
    id INTEGER PRIMARY KEY AUTOINCREMENT,
    tag CHAR(512)
);
success!
timestamp: 2011-09-30T15:38:40.124785
CREATE TABLE links(
    id INTEGER PRIMARY KEY AUTOINCREMENT,
    link_name CHAR(512),
    link_url CHAR(512),
    tags TEXT
);
success!
timestamp: 2011-09-30T16:50:14.789344
ALTER TABLE links ADD link_image CHAR(512);
timestamp: 2011-09-30T16:50:14.894746
ALTER TABLE links ADD link_colour CHAR(512);
